<?xml version="1.0" encoding="UTF-8"?>
<testng-results ignored="0" total="9" passed="8" failed="1" skipped="0">
  <reporter-output>
  </reporter-output>
  <suite started-at="2025-12-22T15:15:17 IST" name="Default suite" finished-at="2025-12-22T15:15:50 IST" duration-ms="32952">
    <groups>
    </groups>
    <test started-at="2025-12-22T15:15:17 IST" name="Default test" finished-at="2025-12-22T15:15:50 IST" duration-ms="32952">
      <class name="testNG.ITestListener">
        <test-method signature="launch_Browser()[pri:1, instance:testNG.ITestListener@654f0d9c]" started-at="2025-12-22T15:15:35 IST" name="launch_Browser" finished-at="2025-12-22T15:15:35 IST" duration-ms="53" status="PASS">
          <reporter-output>
          </reporter-output>
        </test-method> <!-- launch_Browser -->
        <test-method signature="HitUrl()[pri:2, instance:testNG.ITestListener@654f0d9c]" started-at="2025-12-22T15:15:35 IST" name="HitUrl" finished-at="2025-12-22T15:15:35 IST" duration-ms="0" status="PASS">
          <reporter-output>
          </reporter-output>
        </test-method> <!-- HitUrl -->
        <test-method signature="menSFashion()[pri:3, instance:testNG.ITestListener@654f0d9c]" started-at="2025-12-22T15:15:36 IST" name="menSFashion" finished-at="2025-12-22T15:15:36 IST" duration-ms="185" status="PASS">
          <reporter-output>
          </reporter-output>
        </test-method> <!-- menSFashion -->
        <test-method signature="womenSFashion()[pri:4, instance:testNG.ITestListener@654f0d9c]" started-at="2025-12-22T15:15:36 IST" name="womenSFashion" finished-at="2025-12-22T15:15:36 IST" duration-ms="163" status="PASS">
          <reporter-output>
          </reporter-output>
        </test-method> <!-- womenSFashion -->
        <test-method signature="HomeAndKitchen()[pri:5, instance:testNG.ITestListener@654f0d9c]" started-at="2025-12-22T15:15:37 IST" name="HomeAndKitchen" finished-at="2025-12-22T15:15:37 IST" duration-ms="184" status="PASS">
          <reporter-output>
          </reporter-output>
        </test-method> <!-- HomeAndKitchen -->
        <test-method signature="Kids()[pri:6, instance:testNG.ITestListener@654f0d9c]" started-at="2025-12-22T15:15:37 IST" name="Kids" finished-at="2025-12-22T15:15:37 IST" duration-ms="100" status="FAIL">
          <exception class="org.openqa.selenium.NoSuchElementException">
            <message>
              <![CDATA[no such element: Unable to locate element: {"method":"xpath","selector":"//div[text()="Kid's Fashio"]"}
  (Session info: chrome=143.0.7499.148)
For documentation on this error, please visit: https://www.selenium.dev/documentation/webdriver/troubleshooting/errors#nosuchelementexception
Build info: version: '4.39.0', revision: '126f156aee'
System info: os.name: 'Windows 11', os.arch: 'amd64', os.version: '10.0', java.version: '25'
Driver info: org.openqa.selenium.chrome.ChromeDriver
Command: [2d4c3b80001fa22e497579c9bb13e5b3, findElement {using=xpath, value=//div[text()="Kid's Fashio"]}]
Capabilities {acceptInsecureCerts: false, browserName: chrome, browserVersion: 143.0.7499.148, chrome: {chromedriverVersion: 143.0.7499.169 (164b20aab62..., userDataDir: C:\Users\rautp\AppData\Loca...}, fedcm:accounts: true, goog:chromeOptions: {debuggerAddress: localhost:54843}, goog:processID: 8808, networkConnectionEnabled: false, pageLoadStrategy: normal, platformName: windows, proxy: Proxy(), se:cdp: ws://localhost:54843/devtoo..., se:cdpVersion: 143.0.7499.148, setWindowRect: true, strictFileInteractability: false, timeouts: {implicit: 0, pageLoad: 300000, script: 30000}, unhandledPromptBehavior: dismiss and notify, webauthn:extension:credBlob: true, webauthn:extension:largeBlob: true, webauthn:extension:minPinLength: true, webauthn:extension:prf: true, webauthn:virtualAuthenticators: true}
Session ID: 2d4c3b80001fa22e497579c9bb13e5b3]]>
            </message>
            <full-stacktrace>
              <![CDATA[org.openqa.selenium.NoSuchElementException: no such element: Unable to locate element: {"method":"xpath","selector":"//div[text()="Kid's Fashio"]"}
  (Session info: chrome=143.0.7499.148)
For documentation on this error, please visit: https://www.selenium.dev/documentation/webdriver/troubleshooting/errors#nosuchelementexception
Build info: version: '4.39.0', revision: '126f156aee'
System info: os.name: 'Windows 11', os.arch: 'amd64', os.version: '10.0', java.version: '25'
Driver info: org.openqa.selenium.chrome.ChromeDriver
Command: [2d4c3b80001fa22e497579c9bb13e5b3, findElement {using=xpath, value=//div[text()="Kid's Fashio"]}]
Capabilities {acceptInsecureCerts: false, browserName: chrome, browserVersion: 143.0.7499.148, chrome: {chromedriverVersion: 143.0.7499.169 (164b20aab62..., userDataDir: C:\Users\rautp\AppData\Loca...}, fedcm:accounts: true, goog:chromeOptions: {debuggerAddress: localhost:54843}, goog:processID: 8808, networkConnectionEnabled: false, pageLoadStrategy: normal, platformName: windows, proxy: Proxy(), se:cdp: ws://localhost:54843/devtoo..., se:cdpVersion: 143.0.7499.148, setWindowRect: true, strictFileInteractability: false, timeouts: {implicit: 0, pageLoad: 300000, script: 30000}, unhandledPromptBehavior: dismiss and notify, webauthn:extension:credBlob: true, webauthn:extension:largeBlob: true, webauthn:extension:minPinLength: true, webauthn:extension:prf: true, webauthn:virtualAuthenticators: true}
Session ID: 2d4c3b80001fa22e497579c9bb13e5b3
at java.base/jdk.internal.reflect.DirectConstructorHandleAccessor.newInstance(DirectConstructorHandleAccessor.java:62)
at java.base/java.lang.reflect.Constructor.newInstanceWithCaller(Constructor.java:499)
at java.base/java.lang.reflect.Constructor.newInstance(Constructor.java:483)
at org.openqa.selenium.remote.ErrorCodec.decode(ErrorCodec.java:167)
at org.openqa.selenium.remote.codec.w3c.W3CHttpResponseCodec.decode(W3CHttpResponseCodec.java:142)
at org.openqa.selenium.remote.codec.w3c.W3CHttpResponseCodec.decode(W3CHttpResponseCodec.java:49)
at org.openqa.selenium.remote.HttpCommandExecutor.execute(HttpCommandExecutor.java:215)
at org.openqa.selenium.remote.service.DriverCommandExecutor.invokeExecute(DriverCommandExecutor.java:216)
at org.openqa.selenium.remote.service.DriverCommandExecutor.execute(DriverCommandExecutor.java:174)
at org.openqa.selenium.remote.RemoteWebDriver.execute(RemoteWebDriver.java:561)
at org.openqa.selenium.remote.ElementLocation$ElementFinder$2.findElement(ElementLocation.java:166)
at org.openqa.selenium.remote.ElementLocation.findElement(ElementLocation.java:60)
at org.openqa.selenium.remote.RemoteWebDriver.findElement(RemoteWebDriver.java:384)
at org.openqa.selenium.remote.RemoteWebDriver.findElement(RemoteWebDriver.java:378)
at testNG.ITestListener.Kids(ITestListener.java:46)
at java.base/jdk.internal.reflect.DirectMethodHandleAccessor.invoke(DirectMethodHandleAccessor.java:104)
at java.base/java.lang.reflect.Method.invoke(Method.java:565)
at org.testng.internal.invokers.MethodInvocationHelper.invokeMethod(MethodInvocationHelper.java:141)
at org.testng.internal.invokers.TestInvoker.invokeMethod(TestInvoker.java:686)
at org.testng.internal.invokers.TestInvoker.invokeTestMethod(TestInvoker.java:230)
at org.testng.internal.invokers.MethodRunner.runInSequence(MethodRunner.java:63)
at org.testng.internal.invokers.TestInvoker$MethodInvocationAgent.invoke(TestInvoker.java:992)
at org.testng.internal.invokers.TestInvoker.invokeTestMethods(TestInvoker.java:203)
at org.testng.internal.invokers.TestMethodWorker.invokeTestMethods(TestMethodWorker.java:154)
at org.testng.internal.invokers.TestMethodWorker.run(TestMethodWorker.java:134)
at java.base/java.util.ArrayList.forEach(ArrayList.java:1604)
at org.testng.TestRunner.privateRun(TestRunner.java:739)
at org.testng.TestRunner.run(TestRunner.java:614)
at org.testng.SuiteRunner.runTest(SuiteRunner.java:421)
at org.testng.SuiteRunner.runSequentially(SuiteRunner.java:413)
at org.testng.SuiteRunner.privateRun(SuiteRunner.java:373)
at org.testng.SuiteRunner.run(SuiteRunner.java:312)
at org.testng.SuiteRunnerWorker.runSuite(SuiteRunnerWorker.java:52)
at org.testng.SuiteRunnerWorker.run(SuiteRunnerWorker.java:95)
at org.testng.TestNG.runSuitesSequentially(TestNG.java:1274)
at org.testng.TestNG.runSuitesLocally(TestNG.java:1208)
at org.testng.TestNG.runSuites(TestNG.java:1112)
at org.testng.TestNG.run(TestNG.java:1079)
at org.testng.remote.AbstractRemoteTestNG.run(AbstractRemoteTestNG.java:115)
at org.testng.remote.RemoteTestNG.initAndRun(RemoteTestNG.java:293)
at org.testng.remote.RemoteTestNG.main(RemoteTestNG.java:91)
]]>
            </full-stacktrace>
          </exception> <!-- org.openqa.selenium.NoSuchElementException -->
          <reporter-output>
          </reporter-output>
        </test-method> <!-- Kids -->
        <test-method signature="Searchbar()[pri:7, instance:testNG.ITestListener@654f0d9c]" started-at="2025-12-22T15:15:38 IST" name="Searchbar" finished-at="2025-12-22T15:15:38 IST" duration-ms="194" status="PASS">
          <reporter-output>
          </reporter-output>
        </test-method> <!-- Searchbar -->
        <test-method signature="MobileAccessories()[pri:8, instance:testNG.ITestListener@654f0d9c]" started-at="2025-12-22T15:15:38 IST" name="MobileAccessories" finished-at="2025-12-22T15:15:48 IST" duration-ms="9972" status="PASS">
          <reporter-output>
          </reporter-output>
        </test-method> <!-- MobileAccessories -->
        <test-method signature="TopToBottom()[pri:8, instance:testNG.ITestListener@654f0d9c]" started-at="2025-12-22T15:15:48 IST" name="TopToBottom" finished-at="2025-12-22T15:15:48 IST" duration-ms="40" status="PASS">
          <reporter-output>
          </reporter-output>
        </test-method> <!-- TopToBottom -->
      </class> <!-- testNG.ITestListener -->
    </test> <!-- Default test -->
  </suite> <!-- Default suite -->
</testng-results>
