<?xml version="1.0" encoding="UTF-8"?>
<!-- Generated by org.testng.reporters.JUnitReportReporter -->
<testsuite hostname="LAPTOP-PALLAVI" failures="0" tests="6" name="testNG.Priority" time="0.017" errors="0" timestamp="2025-12-21T20:48:50 IST" skipped="0">
  <testcase classname="testNG.Priority" name="c" time="0.002"/>
  <testcase classname="testNG.Priority" name="a" time="0.010"/>
  <testcase classname="testNG.Priority" name="d" time="0.002"/>
  <testcase classname="testNG.Priority" name="b" time="0.001"/>
  <testcase classname="testNG.Priority" name="b" time="0.001"/>
  <testcase classname="testNG.Priority" name="b" time="0.001"/>
</testsuite> <!-- testNG.Priority -->
