<?xml version="1.0" encoding="UTF-8"?>
<!-- Generated by org.testng.reporters.JUnitXMLReporter -->
<testsuite ignored="3" hostname="LAPTOP-PALLAVI" failures="0" tests="3" name="Test" time="0.061" errors="0" timestamp="2025-12-21T21:30:59 IST">
  <testcase classname="testNG.Groups" name="click" time="0.011"/>
  <testcase classname="testNG.Groups" name="senddata" time="0.002"/>
  <testcase classname="testNG.Groups" name="overlap" time="0.001"/>
  <testcase classname="testNG.Groups" name="HitUrl" time="0.0">
    <ignored/>
  </testcase> <!-- HitUrl -->
  <testcase classname="testNG.Groups" name="launchBrowser" time="0.0">
    <ignored/>
  </testcase> <!-- launchBrowser -->
  <testcase classname="testNG.Groups" name="search" time="0.0">
    <ignored/>
  </testcase> <!-- search -->
</testsuite> <!-- Test -->
